build/app/intermediates/manifest_merge_blame_file/release/manifest-merger-blame-release-report.txt
1<?xml version="1.0" encoding="utf-8"?>
2<manifest xmlns:android="http://schemas.android.com/apk/res/android"
3    package="com.example.Momerlin"
4    android:versionCode="4001"
5    android:versionName="1.0.0" >
6
7    <uses-sdk
8        android:minSdkVersion="21"
8-->src\main\AndroidManifest.xml
9        android:targetSdkVersion="29" />
9-->src\main\AndroidManifest.xml
10
11    <uses-permission android:name="android.permission.INTERNET" />
11-->[:plaid_flutter] AndroidManifest.xml:7:5-67
11-->[:plaid_flutter] AndroidManifest.xml:7:22-64
12    <uses-permission android:name="android.permission.CAMERA" />
12-->[:flutter_barcode_scanner] AndroidManifest.xml:9:5-65
12-->[:flutter_barcode_scanner] AndroidManifest.xml:9:22-62
13
14    <uses-feature android:name="android.hardware.camera" />
14-->[:flutter_barcode_scanner] AndroidManifest.xml:11:5-60
14-->[:flutter_barcode_scanner] AndroidManifest.xml:11:19-57
15
16    <uses-permission android:name="android.permission.FLASHLIGHT" />
16-->[:flutter_barcode_scanner] AndroidManifest.xml:13:5-69
16-->[:flutter_barcode_scanner] AndroidManifest.xml:13:22-66
17    <uses-permission android:name="android.permission.ACCESS_NETWORK_STATE" />
17-->[com.plaid.link:sdk-core:3.5.1] AndroidManifest.xml:10:5-79
17-->[com.plaid.link:sdk-core:3.5.1] AndroidManifest.xml:10:22-76
18
19    <uses-feature
19-->[com.plaid.link:sdk-core:3.5.1] AndroidManifest.xml:12:5-14:36
20        android:name="android.hardware.screen.portrait"
20-->[com.plaid.link:sdk-core:3.5.1] AndroidManifest.xml:13:9-56
21        android:required="false" />
21-->[com.plaid.link:sdk-core:3.5.1] AndroidManifest.xml:14:9-33
22    <uses-feature
22-->[com.plaid.link:sdk-core:3.5.1] AndroidManifest.xml:15:5-17:36
23        android:name="android.hardware.screen.landscape"
23-->[com.plaid.link:sdk-core:3.5.1] AndroidManifest.xml:16:9-57
24        android:required="false" />
24-->[com.plaid.link:sdk-core:3.5.1] AndroidManifest.xml:17:9-33
25
26    <uses-permission android:name="android.permission.WAKE_LOCK" />
26-->[androidx.work:work-runtime:2.3.4] AndroidManifest.xml:25:5-68
26-->[androidx.work:work-runtime:2.3.4] AndroidManifest.xml:25:22-65
27    <uses-permission android:name="android.permission.RECEIVE_BOOT_COMPLETED" />
27-->[androidx.work:work-runtime:2.3.4] AndroidManifest.xml:27:5-81
27-->[androidx.work:work-runtime:2.3.4] AndroidManifest.xml:27:22-78
28    <uses-permission android:name="android.permission.FOREGROUND_SERVICE" />
28-->[androidx.work:work-runtime:2.3.4] AndroidManifest.xml:28:5-77
28-->[androidx.work:work-runtime:2.3.4] AndroidManifest.xml:28:22-74
29
30    <application
30-->src\main\AndroidManifest.xml:3:4-40:19
31        android:appComponentFactory="androidx.core.app.CoreComponentFactory"
31-->[androidx.core:core:1.3.2] AndroidManifest.xml:24:18-86
32        android:icon="@mipmap/ic_launcher"
32-->src\main\AndroidManifest.xml:5:9-43
33        android:label="Momerlin"
33-->src\main\AndroidManifest.xml:4:9-33
34        android:largeHeap="true"
34-->[:flutter_barcode_scanner] AndroidManifest.xml:16:9-33
35        android:theme="@style/Theme.AppCompat.NoActionBar" >
35-->[:flutter_barcode_scanner] AndroidManifest.xml:17:9-59
36        <activity
36-->src\main\AndroidManifest.xml:6:9-34:20
37            android:name="com.example.Momerlin.MainActivity"
37-->src\main\AndroidManifest.xml:7:13-41
38            android:configChanges="orientation|keyboardHidden|keyboard|screenSize|smallestScreenSize|locale|layoutDirection|fontScale|screenLayout|density|uiMode"
38-->src\main\AndroidManifest.xml:10:13-163
39            android:hardwareAccelerated="true"
39-->src\main\AndroidManifest.xml:11:13-47
40            android:launchMode="singleTop"
40-->src\main\AndroidManifest.xml:8:13-43
41            android:theme="@style/LaunchTheme"
41-->src\main\AndroidManifest.xml:9:13-47
42            android:windowSoftInputMode="adjustResize" >
42-->src\main\AndroidManifest.xml:12:13-55
43
44            <!--
45                 Specifies an Android theme to apply to this Activity as soon as
46                 the Android process has started. This theme is visible to the user
47                 while the Flutter UI initializes. After that, this theme continues
48                 to determine the Window background behind the Flutter UI.
49            -->
50            <meta-data
50-->src\main\AndroidManifest.xml:17:13-20:17
51                android:name="io.flutter.embedding.android.NormalTheme"
51-->src\main\AndroidManifest.xml:18:15-70
52                android:resource="@style/NormalTheme" />
52-->src\main\AndroidManifest.xml:19:15-52
53            <!--
54                 Displays an Android View that continues showing the launch screen
55                 Drawable until Flutter paints its first frame, then this splash
56                 screen fades out. A splash screen is useful to avoid any visual
57                 gap between the end of Android's launch screen and the painting of
58                 Flutter's first frame.
59            -->
60            <meta-data
60-->src\main\AndroidManifest.xml:26:13-29:17
61                android:name="io.flutter.embedding.android.SplashScreenDrawable"
61-->src\main\AndroidManifest.xml:27:15-79
62                android:resource="@drawable/launch_background" />
62-->src\main\AndroidManifest.xml:28:15-61
63
64            <intent-filter>
64-->src\main\AndroidManifest.xml:30:13-33:29
65                <action android:name="android.intent.action.MAIN" />
65-->src\main\AndroidManifest.xml:31:17-68
65-->src\main\AndroidManifest.xml:31:25-66
66
67                <category android:name="android.intent.category.LAUNCHER" />
67-->src\main\AndroidManifest.xml:32:17-76
67-->src\main\AndroidManifest.xml:32:27-74
68            </intent-filter>
69        </activity>
70        <!--
71             Don't delete the meta-data below.
72             This is used by the Flutter tool to generate GeneratedPluginRegistrant.java
73        -->
74        <meta-data
74-->src\main\AndroidManifest.xml:37:9-39:33
75            android:name="flutterEmbedding"
75-->src\main\AndroidManifest.xml:38:13-44
76            android:value="2" />
76-->src\main\AndroidManifest.xml:39:13-30
77
78        <activity android:name="com.amolg.flutterbarcodescanner.BarcodeCaptureActivity" />
78-->[:flutter_barcode_scanner] AndroidManifest.xml:18:9-91
78-->[:flutter_barcode_scanner] AndroidManifest.xml:18:19-88
79        <activity
79-->[com.plaid.link:sdk-core:3.5.1] AndroidManifest.xml:20:9-33:20
80            android:name="com.plaid.internal.LinkRedirectActivity"
80-->[com.plaid.link:sdk-core:3.5.1] AndroidManifest.xml:21:13-67
81            android:theme="@android:style/Theme.Material.NoActionBar" >
81-->[com.plaid.link:sdk-core:3.5.1] AndroidManifest.xml:22:13-70
82            <intent-filter>
82-->[com.plaid.link:sdk-core:3.5.1] AndroidManifest.xml:23:13-32:29
83                <action android:name="android.intent.action.VIEW" />
83-->[com.plaid.link:sdk-core:3.5.1] AndroidManifest.xml:24:17-69
83-->[com.plaid.link:sdk-core:3.5.1] AndroidManifest.xml:24:25-66
84
85                <category android:name="android.intent.category.DEFAULT" />
85-->[com.plaid.link:sdk-core:3.5.1] AndroidManifest.xml:26:17-76
85-->[com.plaid.link:sdk-core:3.5.1] AndroidManifest.xml:26:27-73
86                <category android:name="android.intent.category.BROWSABLE" />
86-->[com.plaid.link:sdk-core:3.5.1] AndroidManifest.xml:27:17-78
86-->[com.plaid.link:sdk-core:3.5.1] AndroidManifest.xml:27:27-75
87
88                <data
88-->[com.plaid.link:sdk-core:3.5.1] AndroidManifest.xml:29:17-31:46
89                    android:host="redirect"
89-->[com.plaid.link:sdk-core:3.5.1] AndroidManifest.xml:30:21-44
90                    android:scheme="plaid" />
90-->[com.plaid.link:sdk-core:3.5.1] AndroidManifest.xml:31:21-43
91            </intent-filter>
92        </activity>
93        <activity
93-->[com.plaid.link:sdk-core:3.5.1] AndroidManifest.xml:34:9-37:58
94            android:name="com.plaid.internal.link.LinkActivity"
94-->[com.plaid.link:sdk-core:3.5.1] AndroidManifest.xml:35:13-64
95            android:theme="@style/PlaidTheme"
95-->[com.plaid.link:sdk-core:3.5.1] AndroidManifest.xml:36:13-46
96            android:windowSoftInputMode="adjustResize" />
96-->[com.plaid.link:sdk-core:3.5.1] AndroidManifest.xml:37:13-55
97        <activity
97-->[com.plaid.link:sdk-core:3.5.1] AndroidManifest.xml:38:9-42:58
98            android:name="com.plaid.internal.link.TransparentLinkActivity"
98-->[com.plaid.link:sdk-core:3.5.1] AndroidManifest.xml:39:13-75
99            android:launchMode="singleTask"
99-->[com.plaid.link:sdk-core:3.5.1] AndroidManifest.xml:40:13-44
100            android:theme="@style/PlaidTransparentTheme"
100-->[com.plaid.link:sdk-core:3.5.1] AndroidManifest.xml:41:13-57
101            android:windowSoftInputMode="adjustResize" />
101-->[com.plaid.link:sdk-core:3.5.1] AndroidManifest.xml:42:13-55
102        <activity
102-->[com.google.android.gms:play-services-base:17.4.0] AndroidManifest.xml:23:9-26:75
103            android:name="com.google.android.gms.common.api.GoogleApiActivity"
103-->[com.google.android.gms:play-services-base:17.4.0] AndroidManifest.xml:24:13-79
104            android:exported="false"
104-->[com.google.android.gms:play-services-base:17.4.0] AndroidManifest.xml:25:13-37
105            android:theme="@android:style/Theme.Translucent.NoTitleBar" />
105-->[com.google.android.gms:play-services-base:17.4.0] AndroidManifest.xml:26:13-72
106
107        <meta-data
107-->[com.google.android.gms:play-services-basement:17.4.0] AndroidManifest.xml:23:9-25:69
108            android:name="com.google.android.gms.version"
108-->[com.google.android.gms:play-services-basement:17.4.0] AndroidManifest.xml:24:13-58
109            android:value="@integer/google_play_services_version" />
109-->[com.google.android.gms:play-services-basement:17.4.0] AndroidManifest.xml:25:13-66
110
111        <provider
111-->[androidx.work:work-runtime:2.3.4] AndroidManifest.xml:31:9-37:35
112            android:name="androidx.work.impl.WorkManagerInitializer"
112-->[androidx.work:work-runtime:2.3.4] AndroidManifest.xml:32:13-69
113            android:authorities="com.example.Momerlin.workmanager-init"
113-->[androidx.work:work-runtime:2.3.4] AndroidManifest.xml:33:13-68
114            android:directBootAware="false"
114-->[androidx.work:work-runtime:2.3.4] AndroidManifest.xml:34:13-44
115            android:exported="false"
115-->[androidx.work:work-runtime:2.3.4] AndroidManifest.xml:35:13-37
116            android:multiprocess="true" />
116-->[androidx.work:work-runtime:2.3.4] AndroidManifest.xml:36:13-40
117
118        <service
118-->[androidx.work:work-runtime:2.3.4] AndroidManifest.xml:39:9-44:35
119            android:name="androidx.work.impl.background.systemalarm.SystemAlarmService"
119-->[androidx.work:work-runtime:2.3.4] AndroidManifest.xml:40:13-88
120            android:directBootAware="false"
120-->[androidx.work:work-runtime:2.3.4] AndroidManifest.xml:41:13-44
121            android:enabled="@bool/enable_system_alarm_service_default"
121-->[androidx.work:work-runtime:2.3.4] AndroidManifest.xml:42:13-72
122            android:exported="false" />
122-->[androidx.work:work-runtime:2.3.4] AndroidManifest.xml:43:13-37
123        <service
123-->[androidx.work:work-runtime:2.3.4] AndroidManifest.xml:45:9-51:35
124            android:name="androidx.work.impl.background.systemjob.SystemJobService"
124-->[androidx.work:work-runtime:2.3.4] AndroidManifest.xml:46:13-84
125            android:directBootAware="false"
125-->[androidx.work:work-runtime:2.3.4] AndroidManifest.xml:47:13-44
126            android:enabled="@bool/enable_system_job_service_default"
126-->[androidx.work:work-runtime:2.3.4] AndroidManifest.xml:48:13-70
127            android:exported="true"
127-->[androidx.work:work-runtime:2.3.4] AndroidManifest.xml:49:13-36
128            android:permission="android.permission.BIND_JOB_SERVICE" />
128-->[androidx.work:work-runtime:2.3.4] AndroidManifest.xml:50:13-69
129        <service
129-->[androidx.work:work-runtime:2.3.4] AndroidManifest.xml:52:9-57:35
130            android:name="androidx.work.impl.foreground.SystemForegroundService"
130-->[androidx.work:work-runtime:2.3.4] AndroidManifest.xml:53:13-81
131            android:directBootAware="false"
131-->[androidx.work:work-runtime:2.3.4] AndroidManifest.xml:54:13-44
132            android:enabled="@bool/enable_system_foreground_service_default"
132-->[androidx.work:work-runtime:2.3.4] AndroidManifest.xml:55:13-77
133            android:exported="false" />
133-->[androidx.work:work-runtime:2.3.4] AndroidManifest.xml:56:13-37
134
135        <receiver
135-->[androidx.work:work-runtime:2.3.4] AndroidManifest.xml:59:9-64:35
136            android:name="androidx.work.impl.utils.ForceStopRunnable$BroadcastReceiver"
136-->[androidx.work:work-runtime:2.3.4] AndroidManifest.xml:60:13-88
137            android:directBootAware="false"
137-->[androidx.work:work-runtime:2.3.4] AndroidManifest.xml:61:13-44
138            android:enabled="true"
138-->[androidx.work:work-runtime:2.3.4] AndroidManifest.xml:62:13-35
139            android:exported="false" />
139-->[androidx.work:work-runtime:2.3.4] AndroidManifest.xml:63:13-37
140        <receiver
140-->[androidx.work:work-runtime:2.3.4] AndroidManifest.xml:65:9-75:20
141            android:name="androidx.work.impl.background.systemalarm.ConstraintProxy$BatteryChargingProxy"
141-->[androidx.work:work-runtime:2.3.4] AndroidManifest.xml:66:13-106
142            android:directBootAware="false"
142-->[androidx.work:work-runtime:2.3.4] AndroidManifest.xml:67:13-44
143            android:enabled="false"
143-->[androidx.work:work-runtime:2.3.4] AndroidManifest.xml:68:13-36
144            android:exported="false" >
144-->[androidx.work:work-runtime:2.3.4] AndroidManifest.xml:69:13-37
145            <intent-filter>
145-->[androidx.work:work-runtime:2.3.4] AndroidManifest.xml:71:13-74:29
146                <action android:name="android.intent.action.ACTION_POWER_CONNECTED" />
146-->[androidx.work:work-runtime:2.3.4] AndroidManifest.xml:72:17-87
146-->[androidx.work:work-runtime:2.3.4] AndroidManifest.xml:72:25-84
147                <action android:name="android.intent.action.ACTION_POWER_DISCONNECTED" />
147-->[androidx.work:work-runtime:2.3.4] AndroidManifest.xml:73:17-90
147-->[androidx.work:work-runtime:2.3.4] AndroidManifest.xml:73:25-87
148            </intent-filter>
149        </receiver>
150        <receiver
150-->[androidx.work:work-runtime:2.3.4] AndroidManifest.xml:76:9-86:20
151            android:name="androidx.work.impl.background.systemalarm.ConstraintProxy$BatteryNotLowProxy"
151-->[androidx.work:work-runtime:2.3.4] AndroidManifest.xml:77:13-104
152            android:directBootAware="false"
152-->[androidx.work:work-runtime:2.3.4] AndroidManifest.xml:78:13-44
153            android:enabled="false"
153-->[androidx.work:work-runtime:2.3.4] AndroidManifest.xml:79:13-36
154            android:exported="false" >
154-->[androidx.work:work-runtime:2.3.4] AndroidManifest.xml:80:13-37
155            <intent-filter>
155-->[androidx.work:work-runtime:2.3.4] AndroidManifest.xml:82:13-85:29
156                <action android:name="android.intent.action.BATTERY_OKAY" />
156-->[androidx.work:work-runtime:2.3.4] AndroidManifest.xml:83:17-77
156-->[androidx.work:work-runtime:2.3.4] AndroidManifest.xml:83:25-74
157                <action android:name="android.intent.action.BATTERY_LOW" />
157-->[androidx.work:work-runtime:2.3.4] AndroidManifest.xml:84:17-76
157-->[androidx.work:work-runtime:2.3.4] AndroidManifest.xml:84:25-73
158            </intent-filter>
159        </receiver>
160        <receiver
160-->[androidx.work:work-runtime:2.3.4] AndroidManifest.xml:87:9-97:20
161            android:name="androidx.work.impl.background.systemalarm.ConstraintProxy$StorageNotLowProxy"
161-->[androidx.work:work-runtime:2.3.4] AndroidManifest.xml:88:13-104
162            android:directBootAware="false"
162-->[androidx.work:work-runtime:2.3.4] AndroidManifest.xml:89:13-44
163            android:enabled="false"
163-->[androidx.work:work-runtime:2.3.4] AndroidManifest.xml:90:13-36
164            android:exported="false" >
164-->[androidx.work:work-runtime:2.3.4] AndroidManifest.xml:91:13-37
165            <intent-filter>
165-->[androidx.work:work-runtime:2.3.4] AndroidManifest.xml:93:13-96:29
166                <action android:name="android.intent.action.DEVICE_STORAGE_LOW" />
166-->[androidx.work:work-runtime:2.3.4] AndroidManifest.xml:94:17-83
166-->[androidx.work:work-runtime:2.3.4] AndroidManifest.xml:94:25-80
167                <action android:name="android.intent.action.DEVICE_STORAGE_OK" />
167-->[androidx.work:work-runtime:2.3.4] AndroidManifest.xml:95:17-82
167-->[androidx.work:work-runtime:2.3.4] AndroidManifest.xml:95:25-79
168            </intent-filter>
169        </receiver>
170        <receiver
170-->[androidx.work:work-runtime:2.3.4] AndroidManifest.xml:98:9-107:20
171            android:name="androidx.work.impl.background.systemalarm.ConstraintProxy$NetworkStateProxy"
171-->[androidx.work:work-runtime:2.3.4] AndroidManifest.xml:99:13-103
172            android:directBootAware="false"
172-->[androidx.work:work-runtime:2.3.4] AndroidManifest.xml:100:13-44
173            android:enabled="false"
173-->[androidx.work:work-runtime:2.3.4] AndroidManifest.xml:101:13-36
174            android:exported="false" >
174-->[androidx.work:work-runtime:2.3.4] AndroidManifest.xml:102:13-37
175            <intent-filter>
175-->[androidx.work:work-runtime:2.3.4] AndroidManifest.xml:104:13-106:29
176                <action android:name="android.net.conn.CONNECTIVITY_CHANGE" />
176-->[androidx.work:work-runtime:2.3.4] AndroidManifest.xml:105:17-79
176-->[androidx.work:work-runtime:2.3.4] AndroidManifest.xml:105:25-76
177            </intent-filter>
178        </receiver>
179        <receiver
179-->[androidx.work:work-runtime:2.3.4] AndroidManifest.xml:108:9-119:20
180            android:name="androidx.work.impl.background.systemalarm.RescheduleReceiver"
180-->[androidx.work:work-runtime:2.3.4] AndroidManifest.xml:109:13-88
181            android:directBootAware="false"
181-->[androidx.work:work-runtime:2.3.4] AndroidManifest.xml:110:13-44
182            android:enabled="false"
182-->[androidx.work:work-runtime:2.3.4] AndroidManifest.xml:111:13-36
183            android:exported="false" >
183-->[androidx.work:work-runtime:2.3.4] AndroidManifest.xml:112:13-37
184            <intent-filter>
184-->[androidx.work:work-runtime:2.3.4] AndroidManifest.xml:114:13-118:29
185                <action android:name="android.intent.action.BOOT_COMPLETED" />
185-->[androidx.work:work-runtime:2.3.4] AndroidManifest.xml:115:17-79
185-->[androidx.work:work-runtime:2.3.4] AndroidManifest.xml:115:25-76
186                <action android:name="android.intent.action.TIME_SET" />
186-->[androidx.work:work-runtime:2.3.4] AndroidManifest.xml:116:17-73
186-->[androidx.work:work-runtime:2.3.4] AndroidManifest.xml:116:25-70
187                <action android:name="android.intent.action.TIMEZONE_CHANGED" />
187-->[androidx.work:work-runtime:2.3.4] AndroidManifest.xml:117:17-81
187-->[androidx.work:work-runtime:2.3.4] AndroidManifest.xml:117:25-78
188            </intent-filter>
189        </receiver>
190        <receiver
190-->[androidx.work:work-runtime:2.3.4] AndroidManifest.xml:120:9-129:20
191            android:name="androidx.work.impl.background.systemalarm.ConstraintProxyUpdateReceiver"
191-->[androidx.work:work-runtime:2.3.4] AndroidManifest.xml:121:13-99
192            android:directBootAware="false"
192-->[androidx.work:work-runtime:2.3.4] AndroidManifest.xml:122:13-44
193            android:enabled="@bool/enable_system_alarm_service_default"
193-->[androidx.work:work-runtime:2.3.4] AndroidManifest.xml:123:13-72
194            android:exported="false" >
194-->[androidx.work:work-runtime:2.3.4] AndroidManifest.xml:124:13-37
195            <intent-filter>
195-->[androidx.work:work-runtime:2.3.4] AndroidManifest.xml:126:13-128:29
196                <action android:name="androidx.work.impl.background.systemalarm.UpdateProxies" />
196-->[androidx.work:work-runtime:2.3.4] AndroidManifest.xml:127:17-98
196-->[androidx.work:work-runtime:2.3.4] AndroidManifest.xml:127:25-95
197            </intent-filter>
198        </receiver>
199
200        <service
200-->[androidx.room:room-runtime:2.3.0] AndroidManifest.xml:25:9-28:40
201            android:name="androidx.room.MultiInstanceInvalidationService"
201-->[androidx.room:room-runtime:2.3.0] AndroidManifest.xml:26:13-74
202            android:directBootAware="true"
202-->[androidx.room:room-runtime:2.3.0] AndroidManifest.xml:27:13-43
203            android:exported="false" />
203-->[androidx.room:room-runtime:2.3.0] AndroidManifest.xml:28:13-37
204    </application>
205
206</manifest>